Determining if the pthread_create exist failed with the following output:
Change Dir: /home/RZS/A06_ws/build_isolated/coordSystem/CMakeFiles/CMakeTmp

Run Build Command:"/usr/bin/make" "cmTC_f1bfd/fast"
/usr/bin/make -f CMakeFiles/cmTC_f1bfd.dir/build.make CMakeFiles/cmTC_f1bfd.dir/build
make[1]: 进入目录“/home/RZS/A06_ws/build_isolated/coordSystem/CMakeFiles/CMakeTmp”
Building C object CMakeFiles/cmTC_f1bfd.dir/CheckSymbolExists.c.o
/usr/bin/cc    -o CMakeFiles/cmTC_f1bfd.dir/CheckSymbolExists.c.o   -c /home/RZS/A06_ws/build_isolated/coordSystem/CMakeFiles/CMakeTmp/CheckSymbolExists.c
Linking C executable cmTC_f1bfd
/usr/bin/cmake -E cmake_link_script CMakeFiles/cmTC_f1bfd.dir/link.txt --verbose=1
/usr/bin/cc      -rdynamic CMakeFiles/cmTC_f1bfd.dir/CheckSymbolExists.c.o  -o cmTC_f1bfd 
CMakeFiles/cmTC_f1bfd.dir/CheckSymbolExists.c.o：在函数‘main’中：
CheckSymbolExists.c:(.text+0x1b)：对‘pthread_create’未定义的引用
collect2: error: ld returned 1 exit status
CMakeFiles/cmTC_f1bfd.dir/build.make:97: recipe for target 'cmTC_f1bfd' failed
make[1]: *** [cmTC_f1bfd] Error 1
make[1]: 离开目录“/home/RZS/A06_ws/build_isolated/coordSystem/CMakeFiles/CMakeTmp”
Makefile:126: recipe for target 'cmTC_f1bfd/fast' failed
make: *** [cmTC_f1bfd/fast] Error 2

File /home/RZS/A06_ws/build_isolated/coordSystem/CMakeFiles/CMakeTmp/CheckSymbolExists.c:
/* */
#include <pthread.h>

int main(int argc, char** argv)
{
  (void)argv;
#ifndef pthread_create
  return ((int*)(&pthread_create))[argc];
#else
  (void)argc;
  return 0;
#endif
}

Determining if the function pthread_create exists in the pthreads failed with the following output:
Change Dir: /home/RZS/A06_ws/build_isolated/coordSystem/CMakeFiles/CMakeTmp

Run Build Command:"/usr/bin/make" "cmTC_bc7db/fast"
/usr/bin/make -f CMakeFiles/cmTC_bc7db.dir/build.make CMakeFiles/cmTC_bc7db.dir/build
make[1]: 进入目录“/home/RZS/A06_ws/build_isolated/coordSystem/CMakeFiles/CMakeTmp”
Building C object CMakeFiles/cmTC_bc7db.dir/CheckFunctionExists.c.o
/usr/bin/cc   -DCHECK_FUNCTION_EXISTS=pthread_create   -o CMakeFiles/cmTC_bc7db.dir/CheckFunctionExists.c.o   -c /usr/share/cmake-3.10/Modules/CheckFunctionExists.c
Linking C executable cmTC_bc7db
/usr/bin/cmake -E cmake_link_script CMakeFiles/cmTC_bc7db.dir/link.txt --verbose=1
/usr/bin/cc  -DCHECK_FUNCTION_EXISTS=pthread_create    -rdynamic CMakeFiles/cmTC_bc7db.dir/CheckFunctionExists.c.o  -o cmTC_bc7db -lpthreads 
/usr/bin/ld: 找不到 -lpthreads
collect2: error: ld returned 1 exit status
CMakeFiles/cmTC_bc7db.dir/build.make:97: recipe for target 'cmTC_bc7db' failed
make[1]: *** [cmTC_bc7db] Error 1
make[1]: 离开目录“/home/RZS/A06_ws/build_isolated/coordSystem/CMakeFiles/CMakeTmp”
Makefile:126: recipe for target 'cmTC_bc7db/fast' failed
make: *** [cmTC_bc7db/fast] Error 2


