Determining if the pthread_create exist failed with the following output:
Change Dir: /home/RZS/A06_ws/build_isolated/cloud_msgs/CMakeFiles/CMakeTmp

Run Build Command:"/usr/bin/make" "cmTC_4183f/fast"
/usr/bin/make -f CMakeFiles/cmTC_4183f.dir/build.make CMakeFiles/cmTC_4183f.dir/build
make[1]: 进入目录“/home/RZS/A06_ws/build_isolated/cloud_msgs/CMakeFiles/CMakeTmp”
Building C object CMakeFiles/cmTC_4183f.dir/CheckSymbolExists.c.o
/usr/bin/cc    -o CMakeFiles/cmTC_4183f.dir/CheckSymbolExists.c.o   -c /home/RZS/A06_ws/build_isolated/cloud_msgs/CMakeFiles/CMakeTmp/CheckSymbolExists.c
Linking C executable cmTC_4183f
/usr/bin/cmake -E cmake_link_script CMakeFiles/cmTC_4183f.dir/link.txt --verbose=1
/usr/bin/cc      -rdynamic CMakeFiles/cmTC_4183f.dir/CheckSymbolExists.c.o  -o cmTC_4183f 
CMakeFiles/cmTC_4183f.dir/CheckSymbolExists.c.o：在函数‘main’中：
CheckSymbolExists.c:(.text+0x1b)：对‘pthread_create’未定义的引用
collect2: error: ld returned 1 exit status
CMakeFiles/cmTC_4183f.dir/build.make:97: recipe for target 'cmTC_4183f' failed
make[1]: *** [cmTC_4183f] Error 1
make[1]: 离开目录“/home/RZS/A06_ws/build_isolated/cloud_msgs/CMakeFiles/CMakeTmp”
Makefile:126: recipe for target 'cmTC_4183f/fast' failed
make: *** [cmTC_4183f/fast] Error 2

File /home/RZS/A06_ws/build_isolated/cloud_msgs/CMakeFiles/CMakeTmp/CheckSymbolExists.c:
/* */
#include <pthread.h>

int main(int argc, char** argv)
{
  (void)argv;
#ifndef pthread_create
  return ((int*)(&pthread_create))[argc];
#else
  (void)argc;
  return 0;
#endif
}

Determining if the function pthread_create exists in the pthreads failed with the following output:
Change Dir: /home/RZS/A06_ws/build_isolated/cloud_msgs/CMakeFiles/CMakeTmp

Run Build Command:"/usr/bin/make" "cmTC_dff97/fast"
/usr/bin/make -f CMakeFiles/cmTC_dff97.dir/build.make CMakeFiles/cmTC_dff97.dir/build
make[1]: 进入目录“/home/RZS/A06_ws/build_isolated/cloud_msgs/CMakeFiles/CMakeTmp”
Building C object CMakeFiles/cmTC_dff97.dir/CheckFunctionExists.c.o
/usr/bin/cc   -DCHECK_FUNCTION_EXISTS=pthread_create   -o CMakeFiles/cmTC_dff97.dir/CheckFunctionExists.c.o   -c /usr/share/cmake-3.10/Modules/CheckFunctionExists.c
Linking C executable cmTC_dff97
/usr/bin/cmake -E cmake_link_script CMakeFiles/cmTC_dff97.dir/link.txt --verbose=1
/usr/bin/cc  -DCHECK_FUNCTION_EXISTS=pthread_create    -rdynamic CMakeFiles/cmTC_dff97.dir/CheckFunctionExists.c.o  -o cmTC_dff97 -lpthreads 
/usr/bin/ld: 找不到 -lpthreads
collect2: error: ld returned 1 exit status
CMakeFiles/cmTC_dff97.dir/build.make:97: recipe for target 'cmTC_dff97' failed
make[1]: *** [cmTC_dff97] Error 1
make[1]: 离开目录“/home/RZS/A06_ws/build_isolated/cloud_msgs/CMakeFiles/CMakeTmp”
Makefile:126: recipe for target 'cmTC_dff97/fast' failed
make: *** [cmTC_dff97/fast] Error 2


