Determining if the pthread_create exist failed with the following output:
Change Dir: /home/RZS/A06_ws/build_isolated/darknet_ros_msgs/CMakeFiles/CMakeTmp

Run Build Command:"/usr/bin/make" "cmTC_318ff/fast"
/usr/bin/make -f CMakeFiles/cmTC_318ff.dir/build.make CMakeFiles/cmTC_318ff.dir/build
make[1]: 进入目录“/home/RZS/A06_ws/build_isolated/darknet_ros_msgs/CMakeFiles/CMakeTmp”
Building C object CMakeFiles/cmTC_318ff.dir/CheckSymbolExists.c.o
/usr/bin/cc    -o CMakeFiles/cmTC_318ff.dir/CheckSymbolExists.c.o   -c /home/RZS/A06_ws/build_isolated/darknet_ros_msgs/CMakeFiles/CMakeTmp/CheckSymbolExists.c
Linking C executable cmTC_318ff
/usr/bin/cmake -E cmake_link_script CMakeFiles/cmTC_318ff.dir/link.txt --verbose=1
/usr/bin/cc      -rdynamic CMakeFiles/cmTC_318ff.dir/CheckSymbolExists.c.o  -o cmTC_318ff 
CMakeFiles/cmTC_318ff.dir/CheckSymbolExists.c.o：在函数‘main’中：
CheckSymbolExists.c:(.text+0x1b)：对‘pthread_create’未定义的引用
collect2: error: ld returned 1 exit status
CMakeFiles/cmTC_318ff.dir/build.make:97: recipe for target 'cmTC_318ff' failed
make[1]: *** [cmTC_318ff] Error 1
make[1]: 离开目录“/home/RZS/A06_ws/build_isolated/darknet_ros_msgs/CMakeFiles/CMakeTmp”
Makefile:126: recipe for target 'cmTC_318ff/fast' failed
make: *** [cmTC_318ff/fast] Error 2

File /home/RZS/A06_ws/build_isolated/darknet_ros_msgs/CMakeFiles/CMakeTmp/CheckSymbolExists.c:
/* */
#include <pthread.h>

int main(int argc, char** argv)
{
  (void)argv;
#ifndef pthread_create
  return ((int*)(&pthread_create))[argc];
#else
  (void)argc;
  return 0;
#endif
}

Determining if the function pthread_create exists in the pthreads failed with the following output:
Change Dir: /home/RZS/A06_ws/build_isolated/darknet_ros_msgs/CMakeFiles/CMakeTmp

Run Build Command:"/usr/bin/make" "cmTC_3636b/fast"
/usr/bin/make -f CMakeFiles/cmTC_3636b.dir/build.make CMakeFiles/cmTC_3636b.dir/build
make[1]: 进入目录“/home/RZS/A06_ws/build_isolated/darknet_ros_msgs/CMakeFiles/CMakeTmp”
Building C object CMakeFiles/cmTC_3636b.dir/CheckFunctionExists.c.o
/usr/bin/cc   -DCHECK_FUNCTION_EXISTS=pthread_create   -o CMakeFiles/cmTC_3636b.dir/CheckFunctionExists.c.o   -c /usr/share/cmake-3.10/Modules/CheckFunctionExists.c
Linking C executable cmTC_3636b
/usr/bin/cmake -E cmake_link_script CMakeFiles/cmTC_3636b.dir/link.txt --verbose=1
/usr/bin/cc  -DCHECK_FUNCTION_EXISTS=pthread_create    -rdynamic CMakeFiles/cmTC_3636b.dir/CheckFunctionExists.c.o  -o cmTC_3636b -lpthreads 
/usr/bin/ld: 找不到 -lpthreads
collect2: error: ld returned 1 exit status
CMakeFiles/cmTC_3636b.dir/build.make:97: recipe for target 'cmTC_3636b' failed
make[1]: *** [cmTC_3636b] Error 1
make[1]: 离开目录“/home/RZS/A06_ws/build_isolated/darknet_ros_msgs/CMakeFiles/CMakeTmp”
Makefile:126: recipe for target 'cmTC_3636b/fast' failed
make: *** [cmTC_3636b/fast] Error 2


