Determining if the pthread_create exist failed with the following output:
Change Dir: /home/RZS/A06_ws/build_isolated/lego_loam/CMakeFiles/CMakeTmp

Run Build Command:"/usr/bin/make" "cmTC_de3eb/fast"
/usr/bin/make -f CMakeFiles/cmTC_de3eb.dir/build.make CMakeFiles/cmTC_de3eb.dir/build
make[1]: 进入目录“/home/RZS/A06_ws/build_isolated/lego_loam/CMakeFiles/CMakeTmp”
Building C object CMakeFiles/cmTC_de3eb.dir/CheckSymbolExists.c.o
/usr/bin/cc    -o CMakeFiles/cmTC_de3eb.dir/CheckSymbolExists.c.o   -c /home/RZS/A06_ws/build_isolated/lego_loam/CMakeFiles/CMakeTmp/CheckSymbolExists.c
Linking C executable cmTC_de3eb
/usr/bin/cmake -E cmake_link_script CMakeFiles/cmTC_de3eb.dir/link.txt --verbose=1
/usr/bin/cc      -rdynamic CMakeFiles/cmTC_de3eb.dir/CheckSymbolExists.c.o  -o cmTC_de3eb 
CMakeFiles/cmTC_de3eb.dir/CheckSymbolExists.c.o：在函数‘main’中：
CheckSymbolExists.c:(.text+0x1b)：对‘pthread_create’未定义的引用
collect2: error: ld returned 1 exit status
CMakeFiles/cmTC_de3eb.dir/build.make:97: recipe for target 'cmTC_de3eb' failed
make[1]: *** [cmTC_de3eb] Error 1
make[1]: 离开目录“/home/RZS/A06_ws/build_isolated/lego_loam/CMakeFiles/CMakeTmp”
Makefile:126: recipe for target 'cmTC_de3eb/fast' failed
make: *** [cmTC_de3eb/fast] Error 2

File /home/RZS/A06_ws/build_isolated/lego_loam/CMakeFiles/CMakeTmp/CheckSymbolExists.c:
/* */
#include <pthread.h>

int main(int argc, char** argv)
{
  (void)argv;
#ifndef pthread_create
  return ((int*)(&pthread_create))[argc];
#else
  (void)argc;
  return 0;
#endif
}

Determining if the function pthread_create exists in the pthreads failed with the following output:
Change Dir: /home/RZS/A06_ws/build_isolated/lego_loam/CMakeFiles/CMakeTmp

Run Build Command:"/usr/bin/make" "cmTC_dc51a/fast"
/usr/bin/make -f CMakeFiles/cmTC_dc51a.dir/build.make CMakeFiles/cmTC_dc51a.dir/build
make[1]: 进入目录“/home/RZS/A06_ws/build_isolated/lego_loam/CMakeFiles/CMakeTmp”
Building C object CMakeFiles/cmTC_dc51a.dir/CheckFunctionExists.c.o
/usr/bin/cc   -DCHECK_FUNCTION_EXISTS=pthread_create   -o CMakeFiles/cmTC_dc51a.dir/CheckFunctionExists.c.o   -c /usr/share/cmake-3.10/Modules/CheckFunctionExists.c
Linking C executable cmTC_dc51a
/usr/bin/cmake -E cmake_link_script CMakeFiles/cmTC_dc51a.dir/link.txt --verbose=1
/usr/bin/cc  -DCHECK_FUNCTION_EXISTS=pthread_create    -rdynamic CMakeFiles/cmTC_dc51a.dir/CheckFunctionExists.c.o  -o cmTC_dc51a -lpthreads 
/usr/bin/ld: 找不到 -lpthreads
collect2: error: ld returned 1 exit status
CMakeFiles/cmTC_dc51a.dir/build.make:97: recipe for target 'cmTC_dc51a' failed
make[1]: *** [cmTC_dc51a] Error 1
make[1]: 离开目录“/home/RZS/A06_ws/build_isolated/lego_loam/CMakeFiles/CMakeTmp”
Makefile:126: recipe for target 'cmTC_dc51a/fast' failed
make: *** [cmTC_dc51a/fast] Error 2


Performing C SOURCE FILE Test CMAKE_HAVE_LIBC_PTHREAD failed with the following output:
Change Dir: /home/RZS/A06_ws/build_isolated/lego_loam/CMakeFiles/CMakeTmp

Run Build Command(s):/usr/bin/make -f Makefile cmTC_d5e67/fast && make[1]: 进入目录“/home/RZS/A06_ws/build_isolated/lego_loam/CMakeFiles/CMakeTmp”
/usr/bin/make  -f CMakeFiles/cmTC_d5e67.dir/build.make CMakeFiles/cmTC_d5e67.dir/build
make[2]: 进入目录“/home/RZS/A06_ws/build_isolated/lego_loam/CMakeFiles/CMakeTmp”
Building C object CMakeFiles/cmTC_d5e67.dir/src.c.o
/usr/bin/cc -DCMAKE_HAVE_LIBC_PTHREAD   -o CMakeFiles/cmTC_d5e67.dir/src.c.o -c /home/RZS/A06_ws/build_isolated/lego_loam/CMakeFiles/CMakeTmp/src.c
Linking C executable cmTC_d5e67
/usr/local/bin/cmake -E cmake_link_script CMakeFiles/cmTC_d5e67.dir/link.txt --verbose=1
/usr/bin/cc -rdynamic CMakeFiles/cmTC_d5e67.dir/src.c.o -o cmTC_d5e67 
CMakeFiles/cmTC_d5e67.dir/src.c.o：在函数‘main’中：
src.c:(.text+0x3e)：对‘pthread_create’未定义的引用
src.c:(.text+0x4a)：对‘pthread_detach’未定义的引用
src.c:(.text+0x56)：对‘pthread_cancel’未定义的引用
src.c:(.text+0x67)：对‘pthread_join’未定义的引用
src.c:(.text+0x7b)：对‘pthread_atfork’未定义的引用
collect2: error: ld returned 1 exit status
CMakeFiles/cmTC_d5e67.dir/build.make:98: recipe for target 'cmTC_d5e67' failed
make[2]: *** [cmTC_d5e67] Error 1
make[2]: 离开目录“/home/RZS/A06_ws/build_isolated/lego_loam/CMakeFiles/CMakeTmp”
Makefile:127: recipe for target 'cmTC_d5e67/fast' failed
make[1]: *** [cmTC_d5e67/fast] Error 2
make[1]: 离开目录“/home/RZS/A06_ws/build_isolated/lego_loam/CMakeFiles/CMakeTmp”


Source file was:
#include <pthread.h>

static void* test_func(void* data)
{
  return data;
}

int main(void)
{
  pthread_t thread;
  pthread_create(&thread, NULL, test_func, NULL);
  pthread_detach(thread);
  pthread_cancel(thread);
  pthread_join(thread, NULL);
  pthread_atfork(NULL, NULL, NULL);
  pthread_exit(NULL);

  return 0;
}

